{"detail":"","level":"error","service":"user-service"}
{"code":"EAUTH","command":"AUTH PLAIN","level":"error","response":"535 Domain is missing TXT verification record, go to https://forwardemail.net/my-account/domains/gmail.com and click \"Verify\"","responseCode":535,"service":"user-service"}
{"code":"EAUTH","command":"AUTH PLAIN","level":"error","response":"535-5.7.8 Username and Password not accepted. Learn more at\n535 5.7.8  https://support.google.com/mail/?p=BadCredentials l15-20020a170902f68f00b001bd41b70b60sm3323426plg.45 - gsmtp","responseCode":535,"service":"user-service"}
{"detail":"","level":"error","service":"user-service"}
{"detail":"","level":"error","service":"user-service"}
{"detail":"","level":"error","service":"user-service"}
{"detail":"","level":"error","service":"user-service"}
{"digest":"NEXT_REDIRECT;replace;/login?confirmation-status=success","level":"error","mutableCookies":{"_headers":{},"_parsed":{}},"service":"user-service"}
{"level":"error","service":"user-service"}
{"digest":"NEXT_REDIRECT;replace;/login?confirmation-status=success","level":"error","mutableCookies":{"_headers":{},"_parsed":{}},"service":"user-service"}
{"digest":"NEXT_REDIRECT;replace;/login?confirmation-status=success","level":"error","mutableCookies":{"_headers":{},"_parsed":{}},"service":"user-service"}
{"digest":"NEXT_REDIRECT;replace;/login?confirmation-status=success","level":"error","mutableCookies":{"_headers":{},"_parsed":{}},"service":"user-service"}
{"detail":"","level":"error","service":"user-service"}
{"detail":"","level":"error","service":"user-service"}
{"detail":"","level":"error","service":"user-service"}
{"detail":"","level":"error","service":"user-service"}
{"detail":"","level":"error","service":"user-service"}
{"detail":"","level":"error","service":"user-service"}
{"detail":"","level":"error","service":"user-service"}
{"detail":"","level":"error","service":"user-service"}
{"detail":"","level":"error","service":"user-service"}
{"detail":"","level":"error","service":"user-service"}
{"detail":"","level":"error","service":"user-service"}
{"digest":"NEXT_REDIRECT;replace;/login?confirmation-status=failed","level":"error","mutableCookies":{"_headers":{},"_parsed":{}},"service":"user-service"}
{"detail":"","level":"error","service":"user-service"}
{"digest":"NEXT_REDIRECT;replace;/login?confirmation-status=failed","level":"error","mutableCookies":{"_headers":{},"_parsed":{}},"service":"user-service"}
{"digest":"NEXT_REDIRECT;replace;/login?confirmation-status=true","level":"error","mutableCookies":{"_headers":{},"_parsed":{}},"service":"user-service"}
{"digest":"NEXT_REDIRECT;replace;/login?confirmation-status=failed","level":"error","mutableCookies":{"_headers":{},"_parsed":{}},"service":"user-service"}
{"level":"error","service":"user-service"}
{"level":"error","service":"user-service"}
{"level":"error","message":"Could not connect to any servers in your MongoDB Atlas cluster. One common reason is that you're trying to access the database from an IP that isn't whitelisted. Make sure your current IP address is on your Atlas cluster's IP whitelist: https://www.mongodb.com/docs/atlas/security-whitelist/","reason":{"commonWireVersion":0,"compatible":true,"heartbeatFrequencyMS":10000,"localThresholdMS":15,"logicalSessionTimeoutMinutes":null,"maxElectionId":null,"maxSetVersion":null,"servers":{},"setName":"atlas-jmdhdt-shard-0","stale":false,"type":"ReplicaSetNoPrimary"},"service":"user-service"}
{"level":"error","message":"Could not connect to any servers in your MongoDB Atlas cluster. One common reason is that you're trying to access the database from an IP that isn't whitelisted. Make sure your current IP address is on your Atlas cluster's IP whitelist: https://www.mongodb.com/docs/atlas/security-whitelist/","reason":{"commonWireVersion":0,"compatible":true,"heartbeatFrequencyMS":10000,"localThresholdMS":15,"logicalSessionTimeoutMinutes":null,"maxElectionId":null,"maxSetVersion":null,"servers":{},"setName":"atlas-jmdhdt-shard-0","stale":false,"type":"ReplicaSetNoPrimary"},"service":"user-service"}
{"code":"EAUTH","command":"API","level":"error","service":"user-service"}
{"cause":{"code":"UND_ERR_CONNECT_TIMEOUT","message":"Connect Timeout Error","name":"ConnectTimeoutError"},"level":"error","service":"user-service"}
{"level":"error","message":"Could not connect to any servers in your MongoDB Atlas cluster. One common reason is that you're trying to access the database from an IP that isn't whitelisted. Make sure your current IP address is on your Atlas cluster's IP whitelist: https://www.mongodb.com/docs/atlas/security-whitelist/","reason":{"commonWireVersion":0,"compatible":true,"heartbeatFrequencyMS":10000,"localThresholdMS":15,"logicalSessionTimeoutMinutes":null,"maxElectionId":null,"maxSetVersion":null,"servers":{},"setName":"atlas-jmdhdt-shard-0","stale":false,"type":"ReplicaSetNoPrimary"},"service":"user-service"}
{"level":"error","service":"user-service"}
{"level":"error","message":"Could not connect to any servers in your MongoDB Atlas cluster. One common reason is that you're trying to access the database from an IP that isn't whitelisted. Make sure your current IP address is on your Atlas cluster's IP whitelist: https://www.mongodb.com/docs/atlas/security-whitelist/","reason":{"commonWireVersion":0,"compatible":true,"heartbeatFrequencyMS":10000,"localThresholdMS":15,"logicalSessionTimeoutMinutes":null,"maxElectionId":null,"maxSetVersion":null,"servers":{},"setName":"atlas-jmdhdt-shard-0","stale":false,"type":"ReplicaSetNoPrimary"},"service":"user-service"}
{"detail":"","level":"error","service":"user-service"}
{"cause":{"code":"UND_ERR_CONNECT_TIMEOUT","message":"Connect Timeout Error","name":"ConnectTimeoutError"},"level":"error","service":"user-service"}
{"level":"error","message":"Could not connect to any servers in your MongoDB Atlas cluster. One common reason is that you're trying to access the database from an IP that isn't whitelisted. Make sure your current IP address is on your Atlas cluster's IP whitelist: https://www.mongodb.com/docs/atlas/security-whitelist/","reason":{"commonWireVersion":0,"compatible":true,"heartbeatFrequencyMS":10000,"localThresholdMS":15,"logicalSessionTimeoutMinutes":null,"maxElectionId":null,"maxSetVersion":null,"servers":{},"setName":"atlas-jmdhdt-shard-0","stale":false,"type":"ReplicaSetNoPrimary"},"service":"user-service"}
{"level":"error","message":"Could not connect to any servers in your MongoDB Atlas cluster. One common reason is that you're trying to access the database from an IP that isn't whitelisted. Make sure your current IP address is on your Atlas cluster's IP whitelist: https://www.mongodb.com/docs/atlas/security-whitelist/","reason":{"commonWireVersion":0,"compatible":true,"heartbeatFrequencyMS":10000,"localThresholdMS":15,"logicalSessionTimeoutMinutes":null,"maxElectionId":null,"maxSetVersion":null,"servers":{},"setName":"atlas-jmdhdt-shard-0","stale":false,"type":"ReplicaSetNoPrimary"},"service":"user-service"}
{"level":"error","message":"Could not connect to any servers in your MongoDB Atlas cluster. One common reason is that you're trying to access the database from an IP that isn't whitelisted. Make sure your current IP address is on your Atlas cluster's IP whitelist: https://www.mongodb.com/docs/atlas/security-whitelist/","reason":{"commonWireVersion":0,"compatible":true,"heartbeatFrequencyMS":10000,"localThresholdMS":15,"logicalSessionTimeoutMinutes":null,"maxElectionId":null,"maxSetVersion":null,"servers":{},"setName":"atlas-jmdhdt-shard-0","stale":false,"type":"ReplicaSetNoPrimary"},"service":"user-service"}
{"level":"error","message":"Could not connect to any servers in your MongoDB Atlas cluster. One common reason is that you're trying to access the database from an IP that isn't whitelisted. Make sure your current IP address is on your Atlas cluster's IP whitelist: https://www.mongodb.com/docs/atlas/security-whitelist/","reason":{"commonWireVersion":0,"compatible":true,"heartbeatFrequencyMS":10000,"localThresholdMS":15,"logicalSessionTimeoutMinutes":null,"maxElectionId":null,"maxSetVersion":null,"servers":{},"setName":"atlas-jmdhdt-shard-0","stale":false,"type":"ReplicaSetNoPrimary"},"service":"user-service"}
{"level":"error","service":"user-service"}
{"level":"error","service":"user-service"}
{"level":"error","service":"user-service"}
{"level":"error","service":"user-service"}
{"level":"error","service":"user-service"}
{"level":"error","service":"user-service"}
{"level":"error","service":"user-service"}
{"level":"error","service":"user-service"}
{"level":"error","service":"user-service"}
{"level":"error","service":"user-service"}
{"level":"error","service":"user-service"}
{"level":"error","service":"user-service"}
{"level":"error","service":"user-service"}
{"level":"error","service":"user-service"}
{"level":"error","service":"user-service"}
{"level":"error","service":"user-service"}
{"level":"error","service":"user-service"}
{"level":"error","service":"user-service"}
{"level":"error","service":"user-service"}
{"level":"error","service":"user-service"}
{"level":"error","service":"user-service"}
{"level":"error","service":"user-service"}
{"level":"error","service":"user-service"}
{"level":"error","service":"user-service"}
{"level":"error","service":"user-service"}
{"level":"error","service":"user-service"}
{"level":"error","service":"user-service"}
{"level":"error","service":"user-service"}
{"level":"error","service":"user-service"}
